<?xml version="1.0" encoding="UTF-8"?>
<testsuite name="it.unicam.cs.ids.c3.CommercianteTest" tests="8" skipped="0" failures="0" errors="0" timestamp="2021-09-20T21:30:40" hostname="PC_FISSO" time="0.626">
  <properties/>
  <testcase name="testGetStatClienti" classname="it.unicam.cs.ids.c3.CommercianteTest" time="0.145"/>
  <testcase name="testSelezionaIdLocker" classname="it.unicam.cs.ids.c3.CommercianteTest" time="0.074"/>
  <testcase name="testSelezionaCorriere" classname="it.unicam.cs.ids.c3.CommercianteTest" time="0.068"/>
  <testcase name="testGetStatProdottiVenduti" classname="it.unicam.cs.ids.c3.CommercianteTest" time="0.108"/>
  <testcase name="addPromozioneTest" classname="it.unicam.cs.ids.c3.CommercianteTest" time="0.081"/>
  <testcase name="updatePromozioneTest" classname="it.unicam.cs.ids.c3.CommercianteTest" time="0.06"/>
  <testcase name="testSelezionaIndirizzoOrdine" classname="it.unicam.cs.ids.c3.CommercianteTest" time="0.056"/>
  <testcase name="deletePromozioneTest" classname="it.unicam.cs.ids.c3.CommercianteTest" time="0.034"/>
  <system-out><![CDATA[]]></system-out>
  <system-err><![CDATA[]]></system-err>
</testsuite>
