<?xml version="1.0" encoding="UTF-8"?>
<testsuite name="it.unicam.cs.ids.c3.AppTest" tests="1" skipped="0" failures="0" errors="0" timestamp="2021-09-20T21:30:39" hostname="PC_FISSO" time="0.002">
  <properties/>
  <testcase name="testAppHasAGreeting" classname="it.unicam.cs.ids.c3.AppTest" time="0.002"/>
  <system-out><![CDATA[]]></system-out>
  <system-err><![CDATA[]]></system-err>
</testsuite>
