<?xml version="1.0" encoding="UTF-8"?>
<testsuite name="it.unicam.cs.ids.c3.LoginTest" tests="4" skipped="0" failures="0" errors="0" timestamp="2021-09-18T12:56:36" hostname="PC_FISSO" time="0.003">
  <properties/>
  <testcase name="testCommercianteLogin" classname="it.unicam.cs.ids.c3.LoginTest" time="0.001"/>
  <testcase name="testLockerLogin" classname="it.unicam.cs.ids.c3.LoginTest" time="0.0"/>
  <testcase name="testClienteLogin" classname="it.unicam.cs.ids.c3.LoginTest" time="0.0"/>
  <testcase name="testCorriereLogin" classname="it.unicam.cs.ids.c3.LoginTest" time="0.001"/>
  <system-out><![CDATA[]]></system-out>
  <system-err><![CDATA[]]></system-err>
</testsuite>
