<?xml version="1.0" encoding="UTF-8"?>
<testsuite name="it.unicam.cs.ids.c3.DBTest" tests="10" skipped="0" failures="0" errors="0" timestamp="2021-09-20T21:30:40" hostname="PC_FISSO" time="0.218">
  <properties/>
  <testcase name="setIDLockerToOrdineTest" classname="it.unicam.cs.ids.c3.DBTest" time="0.02"/>
  <testcase name="getAllOrdini" classname="it.unicam.cs.ids.c3.DBTest" time="0.011"/>
  <testcase name="getProdottiFromCarrelloTest" classname="it.unicam.cs.ids.c3.DBTest" time="0.036"/>
  <testcase name="addOrdineTest" classname="it.unicam.cs.ids.c3.DBTest" time="0.063"/>
  <testcase name="cercaProdottoFromNegozioTest" classname="it.unicam.cs.ids.c3.DBTest" time="0.018"/>
  <testcase name="setNewStatoTest" classname="it.unicam.cs.ids.c3.DBTest" time="0.031"/>
  <testcase name="checkIDCommFromOrdine" classname="it.unicam.cs.ids.c3.DBTest" time="0.013"/>
  <testcase name="setIndirizzoToOrdineTest" classname="it.unicam.cs.ids.c3.DBTest" time="0.015"/>
  <testcase name="getAllClienti" classname="it.unicam.cs.ids.c3.DBTest" time="0.007"/>
  <testcase name="checkIDCorriereFromOrdine" classname="it.unicam.cs.ids.c3.DBTest" time="0.001"/>
  <system-out><![CDATA[]]></system-out>
  <system-err><![CDATA[]]></system-err>
</testsuite>
