<?xml version="1.0" encoding="UTF-8"?>
<testsuite name="it.unicam.cs.ids.c3.clienteTest" tests="2" skipped="0" failures="0" errors="0" timestamp="2021-09-20T21:30:39" hostname="PC_FISSO" time="0.511">
  <properties/>
  <testcase name="getUserAndNameTest" classname="it.unicam.cs.ids.c3.clienteTest" time="0.49"/>
  <testcase name="pagamentoTest" classname="it.unicam.cs.ids.c3.clienteTest" time="0.021"/>
  <system-out><![CDATA[]]></system-out>
  <system-err><![CDATA[]]></system-err>
</testsuite>
