<?xml version="1.0" encoding="UTF-8"?>
<testsuite name="it.unicam.cs.ids.c3.DBTest" tests="10" skipped="0" failures="0" errors="0" timestamp="2021-09-18T12:56:35" hostname="PC_FISSO" time="0.64">
  <properties/>
  <testcase name="setIDLockerToOrdineTest" classname="it.unicam.cs.ids.c3.DBTest" time="0.129"/>
  <testcase name="getAllOrdini" classname="it.unicam.cs.ids.c3.DBTest" time="0.05"/>
  <testcase name="getProdottiFromCarrelloTest" classname="it.unicam.cs.ids.c3.DBTest" time="0.03"/>
  <testcase name="addOrdineTest" classname="it.unicam.cs.ids.c3.DBTest" time="0.176"/>
  <testcase name="cercaProdottoFromNegozioTest" classname="it.unicam.cs.ids.c3.DBTest" time="0.014"/>
  <testcase name="setNewStatoTest" classname="it.unicam.cs.ids.c3.DBTest" time="0.115"/>
  <testcase name="checkIDCommFromOrdine" classname="it.unicam.cs.ids.c3.DBTest" time="0.068"/>
  <testcase name="setIndirizzoToOrdineTest" classname="it.unicam.cs.ids.c3.DBTest" time="0.05"/>
  <testcase name="getAllClienti" classname="it.unicam.cs.ids.c3.DBTest" time="0.006"/>
  <testcase name="checkIDCorriereFromOrdine" classname="it.unicam.cs.ids.c3.DBTest" time="0.002"/>
  <system-out><![CDATA[2 idlocker dentro DBLocale.setIDLockerToOrdine
2 idordine dentro DBLocale.setIDLockerToOrdine
si
2
si
4
si
0
si
2
si
1
si
0
si
0
si
0
si
0
si
1
si
10
si
0
si
1
si
1
si
0
si
1
si
0
si
0
si
0
si
0
si
0
si
1
si
0
si
0
si
0
si
0
si
0
si
0
si
0
si
0
si
0
si
0
si
0
si
0
si
0
si
0
si
0
si
0
si
0
si
0
si
0
si
0
si
0
si
0
si
0
si
0
si
0
si
0
si
0
si
0
si
0
si
0
si
0
si
0
si
0
si
0
si
0
si
0
si
0
si
0
si
0
si
0
si
0
si
0
si
0
si
0
si
8
si
0
si
0
si
0
si
0
si
0
si
0
si
0
si
0
si
0
si
0
si
0
si
0
si
0
si
0
si
0
si
0
si
0
si
0
si
0
si
0
si
0
si
1
si
0
si
0
si
0
si
0
costruttore senza consegna
costruttore senza consegna
93 size
1 id carrello dentro add prodotto to carrello
2 id carrello dentro add prodotto to carrello
3 id carrello dentro add prodotto to carrello
1 size carrello old
via madonna delle carceri
]]></system-out>
  <system-err><![CDATA[]]></system-err>
</testsuite>
