<?xml version="1.0" encoding="UTF-8"?>
<testsuite name="it.unicam.cs.ids.c3.CommercianteTest" tests="8" skipped="0" failures="0" errors="0" timestamp="2021-09-18T12:56:35" hostname="PC_FISSO" time="0.872">
  <properties/>
  <testcase name="testGetStatClienti" classname="it.unicam.cs.ids.c3.CommercianteTest" time="0.277"/>
  <testcase name="testSelezionaIdLocker" classname="it.unicam.cs.ids.c3.CommercianteTest" time="0.096"/>
  <testcase name="testSelezionaCorriere" classname="it.unicam.cs.ids.c3.CommercianteTest" time="0.102"/>
  <testcase name="testGetStatProdottiVenduti" classname="it.unicam.cs.ids.c3.CommercianteTest" time="0.143"/>
  <testcase name="addPromozioneTest" classname="it.unicam.cs.ids.c3.CommercianteTest" time="0.069"/>
  <testcase name="updatePromozioneTest" classname="it.unicam.cs.ids.c3.CommercianteTest" time="0.034"/>
  <testcase name="testSelezionaIndirizzoOrdine" classname="it.unicam.cs.ids.c3.CommercianteTest" time="0.122"/>
  <testcase name="deletePromozioneTest" classname="it.unicam.cs.ids.c3.CommercianteTest" time="0.027"/>
  <system-out><![CDATA[4 idlocker dentro DBLocale.setIDLockerToOrdine
3 idordine dentro DBLocale.setIDLockerToOrdine
true stato della promozione che verra aggiunta
id del prodotto 12
id del prodotto 1
]]></system-out>
  <system-err><![CDATA[]]></system-err>
</testsuite>
